<testsuites id="" name="" tests="13" failures="5" skipped="3" errors="0" time="20.047986">
<testsuite name="examples\example.spec.ts" timestamp="2025-04-02T13:55:24.014Z" hostname="chromium" tests="8" failures="4" skipped="2" time="20.016" errors="0">
<testcase name="example test" classname="examples\example.spec.ts" time="0.456">
<failure message="example.spec.ts:3:5 example test" type="FAILURE">
<![CDATA[  [chromium] › examples\example.spec.ts:3:5 › example test ─────────────────────────────────────────

    Error: page.goto: net::ERR_NAME_NOT_RESOLVED at https://playwright.deg456789gv8888888888888888/
    Call log:
      - navigating to "https://playwright.deg456789gv8888888888888888/", waiting until "load"


      2 |
      3 | test('example test', async ({ page }) => {
    > 4 |   await page.goto('https://playwright.deg456789gv8888888888888888');
        |              ^
      5 |   await expect(page).toHaveTitle(/Playwright/);
      6 | });
      7 |
        at C:\BAVA\Tiger\Playwright\playwright-fares-tiger-tests\tests\examples\example.spec.ts:4:14

    attachment #1: screenshot (image/png) ──────────────────────────────────────────────────────────
    test-results\examples-example-example-test-chromium\test-failed-1.png
    ────────────────────────────────────────────────────────────────────────────────────────────────
]]>
</failure>
<system-out>
<![CDATA[
[[ATTACHMENT|..\..\test-results\examples-example-example-test-chromium\test-failed-1.png]]
]]>
</system-out>
</testcase>
<testcase name="example test 2" classname="examples\example.spec.ts" time="0.735">
</testcase>
<testcase name="test get started link 45" classname="examples\example.spec.ts" time="0">
<properties>
<property name="skip" value="">
</property>
</properties>
<skipped>
</skipped>
</testcase>
<testcase name="test started link" classname="examples\example.spec.ts" time="1.068">
</testcase>
<testcase name="test fasfasf get 3" classname="examples\example.spec.ts" time="5.747">
<failure message="example.spec.ts:25:5 test fasfasf get 3" type="FAILURE">
<![CDATA[  [chromium] › examples\example.spec.ts:25:5 › test fasfasf get 3 ──────────────────────────────────

    Error: Timed out 5000ms waiting for expect(locator).toBeVisible()

    Locator: getByRole('heading', { name: 'Instaffllation' })
    Expected: visible
    Received: <element(s) not found>
    Call log:
      - expect.toBeVisible with timeout 5000ms
      - waiting for getByRole('heading', { name: 'Instaffllation' })


      26 |   await page.goto('https://playwright.dev');
      27 |   await page.getByRole('link', { name: 'Get started' }).click();
    > 28 |   await expect(page.getByRole('heading', { name: 'Instaffllation' })).toBeVisible();
         |                                                                       ^
      29 | });
      30 |
      31 | test('get test started link 39 adfagfsadgsadg ', async ({ page }) => {
        at C:\BAVA\Tiger\Playwright\playwright-fares-tiger-tests\tests\examples\example.spec.ts:28:71

    attachment #1: screenshot (image/png) ──────────────────────────────────────────────────────────
    test-results\examples-example-test-fasfasf-get-3-chromium\test-failed-1.png
    ────────────────────────────────────────────────────────────────────────────────────────────────
]]>
</failure>
<system-out>
<![CDATA[
[[ATTACHMENT|..\..\test-results\examples-example-test-fasfasf-get-3-chromium\test-failed-1.png]]
]]>
</system-out>
</testcase>
<testcase name="get test started link 39 adfagfsadgsadg " classname="examples\example.spec.ts" time="5.819">
<failure message="example.spec.ts:31:5 get test started link 39 adfagfsadgsadg " type="FAILURE">
<![CDATA[  [chromium] › examples\example.spec.ts:31:5 › get test started link 39 adfagfsadgsadg  ────────────

    Error: Timed out 5000ms waiting for expect(locator).toBeVisible()

    Locator: getByRole('heading', { name: 'Igggggnst' })
    Expected: visible
    Received: <element(s) not found>
    Call log:
      - expect.toBeVisible with timeout 5000ms
      - waiting for getByRole('heading', { name: 'Igggggnst' })


      32 |   await page.goto('https://playwright.dev');
      33 |   await page.getByRole('link', { name: 'Get started' }).click();
    > 34 |   await expect(page.getByRole('heading', { name: 'Igggggnst' })).toBeVisible();
         |                                                                  ^
      35 | });
      36 |
      37 | test('test prooo  link 2', async ({ page }) => {
        at C:\BAVA\Tiger\Playwright\playwright-fares-tiger-tests\tests\examples\example.spec.ts:34:66

    attachment #1: screenshot (image/png) ──────────────────────────────────────────────────────────
    test-results\examples-example-get-test-started-link-39-adfagfsadgsadg--chromium\test-failed-1.png
    ────────────────────────────────────────────────────────────────────────────────────────────────
]]>
</failure>
<system-out>
<![CDATA[
[[ATTACHMENT|..\..\test-results\examples-example-get-test-started-link-39-adfagfsadgsadg--chromium\test-failed-1.png]]
]]>
</system-out>
</testcase>
<testcase name="test prooo  link 2" classname="examples\example.spec.ts" time="6.191">
<failure message="example.spec.ts:37:5 test prooo  link 2" type="FAILURE">
<![CDATA[  [chromium] › examples\example.spec.ts:37:5 › test prooo  link 2 ──────────────────────────────────

    Error: Timed out 5000ms waiting for expect(locator).toBeVisible()

    Locator: getByRole('heading', { name: 'Isdsssssssnstallation' })
    Expected: visible
    Received: <element(s) not found>
    Call log:
      - expect.toBeVisible with timeout 5000ms
      - waiting for getByRole('heading', { name: 'Isdsssssssnstallation' })


      38 |   await page.goto('https://playwright.dev');
      39 |   await page.getByRole('link', { name: 'Get started' }).click();
    > 40 |   await expect(page.getByRole('heading', { name: 'Isdsssssssnstallation' })).toBeVisible();
         |                                                                              ^
      41 | });
      42 |
      43 | test.skip('get started link 5', async ({ page }) => {
        at C:\BAVA\Tiger\Playwright\playwright-fares-tiger-tests\tests\examples\example.spec.ts:40:78

    attachment #1: screenshot (image/png) ──────────────────────────────────────────────────────────
    test-results\examples-example-test-prooo-link-2-chromium\test-failed-1.png
    ────────────────────────────────────────────────────────────────────────────────────────────────
]]>
</failure>
<system-out>
<![CDATA[
[[ATTACHMENT|..\..\test-results\examples-example-test-prooo-link-2-chromium\test-failed-1.png]]
]]>
</system-out>
</testcase>
<testcase name="get started link 5" classname="examples\example.spec.ts" time="0">
<properties>
<property name="skip" value="">
</property>
</properties>
<skipped>
</skipped>
</testcase>
</testsuite>
<testsuite name="permiset\navigation.spec.ts" timestamp="2025-04-02T13:55:24.014Z" hostname="chromium" tests="5" failures="1" skipped="1" time="22.327" errors="0">
<testcase name="PermiSET Navigation › Go to homepage" classname="permiset\navigation.spec.ts" time="2.019">
</testcase>
<testcase name="PermiSET Navigation › left navigation" classname="permiset\navigation.spec.ts" time="3.325">
</testcase>
<testcase name="PermiSET Navigation › right navigation" classname="permiset\navigation.spec.ts" time="15.061">
<failure message="navigation.spec.ts:47:9 right navigation" type="FAILURE">
<![CDATA[  [chromium] › permiset\navigation.spec.ts:47:9 › PermiSET Navigation › right navigation ───────────

    TimeoutError: locator.click: Timeout 15000ms exceeded.
    Call log:
      - waiting for getByRole('button', { name: 'Sethgtings' })


      46 |
      47 |     test('right navigation', async () => {
    > 48 |         await page.getByRole('button', { name: 'Sethgtings' }).click();
         |                                                                ^
      49 |         await expect(page).toHaveURL(`${clientURL}/setting`);
      50 |     });
      51 |
        at C:\BAVA\Tiger\Playwright\playwright-fares-tiger-tests\tests\permiset\navigation.spec.ts:48:64

    attachment #1: screenshot (image/png) ──────────────────────────────────────────────────────────
    test-results\permiset-navigation-PermiSET-Navigation-right-navigation-chromium\test-failed-1.png
    ────────────────────────────────────────────────────────────────────────────────────────────────
]]>
</failure>
<system-out>
<![CDATA[
[[ATTACHMENT|..\..\test-results\permiset-navigation-PermiSET-Navigation-right-navigation-chromium\test-failed-1.png]]
]]>
</system-out>
</testcase>
<testcase name="PermiSET Navigation › skippp   right navigation" classname="permiset\navigation.spec.ts" time="0">
<properties>
<property name="skip" value="">
</property>
</properties>
<skipped>
</skipped>
</testcase>
<testcase name="PermiSET Navigation › Go logout" classname="permiset\navigation.spec.ts" time="1.922">
</testcase>
</testsuite>
</testsuites>